<?xml version="1.0" encoding="UTF-8"?>
<!-- Generated by org.testng.reporters.JUnitXMLReporter -->
<testsuite ignored="3" hostname="Amrieen" failures="1" tests="1" name="testng" time="0.126" errors="0" timestamp="2024-01-09T18:39:56 IST">
  <testcase classname="com.qa.testlayer.module.runCountryMaster" name="TC_01" time="0.032">
    <failure type="java.lang.NullPointerException" message="Cannot invoke &amp;quot;org.openqa.selenium.WebDriver.findElement(org.openqa.selenium.By)&amp;quot; because &amp;quot;driver&amp;quot; is null">
      <![CDATA[java.lang.NullPointerException: Cannot invoke "org.openqa.selenium.WebDriver.findElement(org.openqa.selenium.By)" because "driver" is null
at com.base.BaseClass$LoginLogout.loginPage(BaseClass.java:89)
at com.qa.testlayer.module.runCountryMaster.TC_01(runCountryMaster.java:21)
at java.base/java.util.ArrayList.forEach(ArrayList.java:1511)
... Removed 27 stack frames]]>
    </failure>
  </testcase> <!-- TC_01 -->
  <testcase classname="com.base.BaseClass" name="add" time="0.0">
    <ignored/>
  </testcase> <!-- add -->
  <testcase classname="com.qa.testlayer.module.runCountryMaster" name="TC_02" time="0.0">
    <ignored/>
  </testcase> <!-- TC_02 -->
  <testcase classname="com.base.BaseClass" name="add" time="0.0">
    <ignored/>
  </testcase> <!-- add -->
</testsuite> <!-- testng -->
