<?xml version="1.0" encoding="UTF-8"?>
<testng-results ignored="0" total="1" passed="1" failed="0" skipped="0">
  <reporter-output>
  </reporter-output>
  <suite started-at="2025-01-04T19:18:31 IST" name="Default suite" finished-at="2025-01-04T19:18:58 IST" duration-ms="27228">
    <groups>
    </groups>
    <test started-at="2025-01-04T19:18:31 IST" name="Default test" finished-at="2025-01-04T19:18:58 IST" duration-ms="27228">
      <class name="com.co.testlayer.RunTest1">
        <test-method is-config="true" signature="preSuiteHandler()[pri:0, instance:com.co.testlayer.RunTest1@79d8407f]" started-at="2025-01-04T19:18:16 IST" name="preSuiteHandler" finished-at="2025-01-04T19:18:31 IST" duration-ms="15130" status="PASS">
          <reporter-output>
          </reporter-output>
        </test-method> <!-- preSuiteHandler -->
        <test-method signature="add()[pri:0, instance:com.co.testlayer.RunTest1@79d8407f]" started-at="2025-01-04T19:18:31 IST" name="add" finished-at="2025-01-04T19:18:54 IST" duration-ms="23445" status="PASS">
          <reporter-output>
          </reporter-output>
        </test-method> <!-- add -->
        <test-method is-config="true" signature="postMethodHandler(org.testng.ITestResult)[pri:0, instance:com.co.testlayer.RunTest1@79d8407f]" started-at="2025-01-04T19:18:54 IST" name="postMethodHandler" finished-at="2025-01-04T19:18:58 IST" duration-ms="3735" status="PASS">
          <params>
            <param index="0">
              <value>
                <![CDATA[[TestResult name=add status=SUCCESS method=RunTest1.add()[pri:0, instance:com.co.testlayer.RunTest1@79d8407f] output={null}]]]>
              </value>
            </param>
          </params>
          <reporter-output>
          </reporter-output>
        </test-method> <!-- postMethodHandler -->
        <test-method is-config="true" signature="postSuiteHandler()[pri:0, instance:com.co.testlayer.RunTest1@79d8407f]" started-at="2025-01-04T19:18:58 IST" name="postSuiteHandler" finished-at="2025-01-04T19:18:59 IST" duration-ms="436" status="PASS">
          <reporter-output>
          </reporter-output>
        </test-method> <!-- postSuiteHandler -->
      </class> <!-- com.co.testlayer.RunTest1 -->
    </test> <!-- Default test -->
  </suite> <!-- Default suite -->
</testng-results>
